<?xml version="1.0" encoding="UTF-8"?>
<!-- Generated by org.testng.reporters.JUnitReportReporter -->
<testsuite hostname="DESKTOP-KB5NO3L" failures="0" tests="1" name="moduleOne_Login.SauceLab_Login_Test" time="6.937" errors="0" timestamp="2024-12-16T16:01:24 IST" skipped="0">
  <testcase classname="moduleOne_Login.SauceLab_Login_Test" name="verifyLogo" time="6.937"/>
</testsuite> <!-- moduleOne_Login.SauceLab_Login_Test -->
