<?xml version="1.0" encoding="UTF-8"?>
<!-- Generated by org.testng.reporters.JUnitReportReporter -->
<testsuite hostname="DESKTOP-KB5NO3L" failures="0" tests="3" name="moduleOne_Login.SauceLab_Login_Test" time="31.042" errors="0" timestamp="2024-12-19T15:35:27 IST" skipped="0">
  <testcase classname="moduleOne_Login.SauceLab_Login_Test" name="verifyLogo" time="12.760"/>
  <system-out/>
  <testcase classname="moduleOne_Login.SauceLab_Login_Test" name="verifyLogo" time="13.481"/>
  <system-out/>
  <testcase classname="moduleOne_Login.SauceLab_Login_Test" name="verifyLogo" time="4.801"/>
  <system-out/>
</testsuite> <!-- moduleOne_Login.SauceLab_Login_Test -->
