<?xml version="1.0" encoding="UTF-8"?>
<!-- Generated by org.testng.reporters.JUnitReportReporter -->
<testsuite hostname="DESKTOP-KB5NO3L" failures="0" tests="1" name="moduleOne_Login.SauceLab_Test" time="23.400" errors="0" timestamp="2024-11-26T16:00:59 IST" skipped="0">
  <testcase classname="moduleOne_Login.SauceLab_Test" name="verifyLogo" time="23.400"/>
</testsuite> <!-- moduleOne_Login.SauceLab_Test -->
