<?xml version="1.0" encoding="UTF-8"?>
<!-- Generated by org.testng.reporters.JUnitReportReporter -->
<testsuite hostname="DESKTOP-KB5NO3L" failures="0" tests="2" name="moduleOne_Login.SauceLab_Test" time="37.524" errors="0" timestamp="2024-11-26T16:14:02 IST" skipped="0">
  <testcase classname="moduleOne_Login.SauceLab_Test" name="verifyLogo" time="17.001"/>
  <testcase classname="moduleOne_Login.SauceLab_Test" name="verifyLogo" time="20.523"/>
</testsuite> <!-- moduleOne_Login.SauceLab_Test -->
